  stdafx.cpp
  Windows_List.cpp
c:\users\alessandro gaballo\workspace\pds_server\pds_server\process_window.h(4): fatal error C1083: Non è possibile aprire il file inclusione: 'protocol.pb.h': No such file or directory
  Process_Window.cpp
c:\users\alessandro gaballo\workspace\pds_server\pds_server\process_window.h(4): fatal error C1083: Non è possibile aprire il file inclusione: 'protocol.pb.h': No such file or directory
  pds_server.cpp
c:\users\alessandro gaballo\workspace\pds_server\pds_server\pds_server.cpp(8): warning C4627: '#include <WinSock2.h>': ignorato durante la ricerca dell'utilizzo di un'intestazione precompilata
  c:\users\alessandro gaballo\workspace\pds_server\pds_server\pds_server.cpp(8): note: Aggiungere la direttiva a 'stdafx.h' o ricompilare l'intestazione precompilata
c:\users\alessandro gaballo\workspace\pds_server\pds_server\pds_server.cpp(5): warning C4603: 'WIN32_LEAN_AND_MEAN': la macro non è definita o la definizione è diversa dopo l'utilizzo di un'intestazione precompilata
  c:\users\alessandro gaballo\workspace\pds_server\pds_server\pds_server.cpp(5): note: Aggiungere la macro all'intestazione precompilata anziché definirla in questa posizione
  c:\users\alessandro gaballo\workspace\pds_server\pds_server\pds_server.cpp(10): note: uso dell'intestazione precompilata
c:\users\alessandro gaballo\workspace\pds_server\pds_server\process_window.h(4): fatal error C1083: Non è possibile aprire il file inclusione: 'protocol.pb.h': No such file or directory
  Client.cpp
c:\users\alessandro gaballo\workspace\pds_server\pds_server\process_window.h(4): fatal error C1083: Non è possibile aprire il file inclusione: 'protocol.pb.h': No such file or directory
  protocol.pb.cc
c:\users\alessandro gaballo\workspace\proto\protocol.pb.cc(5): warning C4627: '#include "protocol.pb.h"': ignorato durante la ricerca dell'utilizzo di un'intestazione precompilata
  c:\users\alessandro gaballo\workspace\proto\protocol.pb.cc(5): note: Aggiungere la direttiva a 'stdafx.h' o ricompilare l'intestazione precompilata
c:\users\alessandro gaballo\workspace\proto\protocol.pb.cc(6): warning C4627: '#include <algorithm>': ignorato durante la ricerca dell'utilizzo di un'intestazione precompilata
  c:\users\alessandro gaballo\workspace\proto\protocol.pb.cc(6): note: Aggiungere la direttiva a 'stdafx.h' o ricompilare l'intestazione precompilata
c:\users\alessandro gaballo\workspace\proto\protocol.pb.cc(8): warning C4627: '#include <google/protobuf/stubs/common.h>': ignorato durante la ricerca dell'utilizzo di un'intestazione precompilata
  c:\users\alessandro gaballo\workspace\proto\protocol.pb.cc(8): note: Aggiungere la direttiva a 'stdafx.h' o ricompilare l'intestazione precompilata
c:\users\alessandro gaballo\workspace\proto\protocol.pb.cc(9): warning C4627: '#include <google/protobuf/stubs/port.h>': ignorato durante la ricerca dell'utilizzo di un'intestazione precompilata
  c:\users\alessandro gaballo\workspace\proto\protocol.pb.cc(9): note: Aggiungere la direttiva a 'stdafx.h' o ricompilare l'intestazione precompilata
c:\users\alessandro gaballo\workspace\proto\protocol.pb.cc(10): warning C4627: '#include <google/protobuf/stubs/once.h>': ignorato durante la ricerca dell'utilizzo di un'intestazione precompilata
  c:\users\alessandro gaballo\workspace\proto\protocol.pb.cc(10): note: Aggiungere la direttiva a 'stdafx.h' o ricompilare l'intestazione precompilata
c:\users\alessandro gaballo\workspace\proto\protocol.pb.cc(11): warning C4627: '#include <google/protobuf/io/coded_stream.h>': ignorato durante la ricerca dell'utilizzo di un'intestazione precompilata
  c:\users\alessandro gaballo\workspace\proto\protocol.pb.cc(11): note: Aggiungere la direttiva a 'stdafx.h' o ricompilare l'intestazione precompilata
c:\users\alessandro gaballo\workspace\proto\protocol.pb.cc(12): warning C4627: '#include <google/protobuf/wire_format_lite_inl.h>': ignorato durante la ricerca dell'utilizzo di un'intestazione precompilata
  c:\users\alessandro gaballo\workspace\proto\protocol.pb.cc(12): note: Aggiungere la direttiva a 'stdafx.h' o ricompilare l'intestazione precompilata
c:\users\alessandro gaballo\workspace\proto\protocol.pb.cc(13): warning C4627: '#include <google/protobuf/descriptor.h>': ignorato durante la ricerca dell'utilizzo di un'intestazione precompilata
  c:\users\alessandro gaballo\workspace\proto\protocol.pb.cc(13): note: Aggiungere la direttiva a 'stdafx.h' o ricompilare l'intestazione precompilata
c:\users\alessandro gaballo\workspace\proto\protocol.pb.cc(14): warning C4627: '#include <google/protobuf/generated_message_reflection.h>': ignorato durante la ricerca dell'utilizzo di un'intestazione precompilata
  c:\users\alessandro gaballo\workspace\proto\protocol.pb.cc(14): note: Aggiungere la direttiva a 'stdafx.h' o ricompilare l'intestazione precompilata
c:\users\alessandro gaballo\workspace\proto\protocol.pb.cc(15): warning C4627: '#include <google/protobuf/reflection_ops.h>': ignorato durante la ricerca dell'utilizzo di un'intestazione precompilata
  c:\users\alessandro gaballo\workspace\proto\protocol.pb.cc(15): note: Aggiungere la direttiva a 'stdafx.h' o ricompilare l'intestazione precompilata
c:\users\alessandro gaballo\workspace\proto\protocol.pb.cc(16): warning C4627: '#include <google/protobuf/wire_format.h>': ignorato durante la ricerca dell'utilizzo di un'intestazione precompilata
  c:\users\alessandro gaballo\workspace\proto\protocol.pb.cc(16): note: Aggiungere la direttiva a 'stdafx.h' o ricompilare l'intestazione precompilata
c:\users\alessandro gaballo\workspace\proto\protocol.pb.cc(329): warning C4005: 'ZR_HELPER_': ridefinizione macro
  c:\users\alessandro gaballo\workspace\proto\protocol.pb.cc(326): note: vedere la precedente definizione di 'ZR_HELPER_'
c:\users\alessandro gaballo\workspace\proto\protocol.pb.cc(2572): fatal error C1010: fine file imprevista durante la ricerca dell'intestazione precompilata. Si è omesso di aggiungere '#include "stdafx.h"' all'origine?
  keys.pb.cc
c:\users\alessandro gaballo\workspace\proto\keys.pb.cc(5): warning C4627: '#include "keys.pb.h"': ignorato durante la ricerca dell'utilizzo di un'intestazione precompilata
  c:\users\alessandro gaballo\workspace\proto\keys.pb.cc(5): note: Aggiungere la direttiva a 'stdafx.h' o ricompilare l'intestazione precompilata
c:\users\alessandro gaballo\workspace\proto\keys.pb.cc(7): warning C4627: '#include <algorithm>': ignorato durante la ricerca dell'utilizzo di un'intestazione precompilata
  c:\users\alessandro gaballo\workspace\proto\keys.pb.cc(7): note: Aggiungere la direttiva a 'stdafx.h' o ricompilare l'intestazione precompilata
c:\users\alessandro gaballo\workspace\proto\keys.pb.cc(9): warning C4627: '#include <google/protobuf/stubs/common.h>': ignorato durante la ricerca dell'utilizzo di un'intestazione precompilata
  c:\users\alessandro gaballo\workspace\proto\keys.pb.cc(9): note: Aggiungere la direttiva a 'stdafx.h' o ricompilare l'intestazione precompilata
c:\users\alessandro gaballo\workspace\proto\keys.pb.cc(10): warning C4627: '#include <google/protobuf/stubs/port.h>': ignorato durante la ricerca dell'utilizzo di un'intestazione precompilata
  c:\users\alessandro gaballo\workspace\proto\keys.pb.cc(10): note: Aggiungere la direttiva a 'stdafx.h' o ricompilare l'intestazione precompilata
c:\users\alessandro gaballo\workspace\proto\keys.pb.cc(11): warning C4627: '#include <google/protobuf/stubs/once.h>': ignorato durante la ricerca dell'utilizzo di un'intestazione precompilata
  c:\users\alessandro gaballo\workspace\proto\keys.pb.cc(11): note: Aggiungere la direttiva a 'stdafx.h' o ricompilare l'intestazione precompilata
c:\users\alessandro gaballo\workspace\proto\keys.pb.cc(12): warning C4627: '#include <google/protobuf/io/coded_stream.h>': ignorato durante la ricerca dell'utilizzo di un'intestazione precompilata
  c:\users\alessandro gaballo\workspace\proto\keys.pb.cc(12): note: Aggiungere la direttiva a 'stdafx.h' o ricompilare l'intestazione precompilata
c:\users\alessandro gaballo\workspace\proto\keys.pb.cc(13): warning C4627: '#include <google/protobuf/wire_format_lite_inl.h>': ignorato durante la ricerca dell'utilizzo di un'intestazione precompilata
  c:\users\alessandro gaballo\workspace\proto\keys.pb.cc(13): note: Aggiungere la direttiva a 'stdafx.h' o ricompilare l'intestazione precompilata
c:\users\alessandro gaballo\workspace\proto\keys.pb.cc(14): warning C4627: '#include <google/protobuf/descriptor.h>': ignorato durante la ricerca dell'utilizzo di un'intestazione precompilata
  c:\users\alessandro gaballo\workspace\proto\keys.pb.cc(14): note: Aggiungere la direttiva a 'stdafx.h' o ricompilare l'intestazione precompilata
c:\users\alessandro gaballo\workspace\proto\keys.pb.cc(15): warning C4627: '#include <google/protobuf/generated_message_reflection.h>': ignorato durante la ricerca dell'utilizzo di un'intestazione precompilata
  c:\users\alessandro gaballo\workspace\proto\keys.pb.cc(15): note: Aggiungere la direttiva a 'stdafx.h' o ricompilare l'intestazione precompilata
c:\users\alessandro gaballo\workspace\proto\keys.pb.cc(16): warning C4627: '#include <google/protobuf/reflection_ops.h>': ignorato durante la ricerca dell'utilizzo di un'intestazione precompilata
  c:\users\alessandro gaballo\workspace\proto\keys.pb.cc(16): note: Aggiungere la direttiva a 'stdafx.h' o ricompilare l'intestazione precompilata
c:\users\alessandro gaballo\workspace\proto\keys.pb.cc(17): warning C4627: '#include <google/protobuf/wire_format.h>': ignorato durante la ricerca dell'utilizzo di un'intestazione precompilata
  c:\users\alessandro gaballo\workspace\proto\keys.pb.cc(17): note: Aggiungere la direttiva a 'stdafx.h' o ricompilare l'intestazione precompilata
c:\users\alessandro gaballo\workspace\proto\keys.pb.cc(254): fatal error C1010: fine file imprevista durante la ricerca dell'intestazione precompilata. Si è omesso di aggiungere '#include "stdafx.h"' all'origine?
  Generazione del codice in corso...
