  protocol.pb.cc
c:\users\alessandro gaballo\workspace\proto\protocol.pb.cc(5): warning C4627: '#include "protocol.pb.h"': ignorato durante la ricerca dell'utilizzo di un'intestazione precompilata
  c:\users\alessandro gaballo\workspace\proto\protocol.pb.cc(5): note: Aggiungere la direttiva a 'stdafx.h' o ricompilare l'intestazione precompilata
c:\users\alessandro gaballo\workspace\proto\protocol.pb.cc(4): warning C4603: 'INTERNAL_SUPPRESS_PROTOBUF_FIELD_DEPRECATION': la macro non è definita o la definizione è diversa dopo l'utilizzo di un'intestazione precompilata
  c:\users\alessandro gaballo\workspace\proto\protocol.pb.cc(4): note: Aggiungere la macro all'intestazione precompilata anziché definirla in questa posizione
  c:\users\alessandro gaballo\workspace\proto\protocol.pb.cc(6): note: uso dell'intestazione precompilata
c:\users\alessandro gaballo\workspace\proto\protocol.pb.cc(47): error C3861: 'protobuf_AddDesc_protocol_2eproto': identificatore non trovato
c:\users\alessandro gaballo\workspace\proto\protocol.pb.cc(54): error C4430: identificatore di tipo mancante, verrà utilizzato int. Nota: default-int non è più supportato in C++
c:\users\alessandro gaballo\workspace\proto\protocol.pb.cc(54): error C2146: errore di sintassi: '>' mancante prima dell'identificatore 'KeystrokeRequest'
c:\users\alessandro gaballo\workspace\proto\protocol.pb.cc(54): error C2146: errore di sintassi: '(' mancante prima dell'identificatore 'KeystrokeRequest'
c:\users\alessandro gaballo\workspace\proto\protocol.pb.cc(54): error C2227: l'elemento a sinistra di '->app_id_' deve puntare a un tipo classe, struttura, unione o generico
c:\users\alessandro gaballo\workspace\proto\protocol.pb.cc(54): error C3329: errore di sintassi: è previsto '}', non ')'
c:\users\alessandro gaballo\workspace\proto\protocol.pb.cc(54): error C2143: errore di sintassi: ';' mancante prima di '-'
c:\users\alessandro gaballo\workspace\proto\protocol.pb.cc(54): error C2171: '-': non valido su operandi di tipo 'const char *'
c:\users\alessandro gaballo\workspace\proto\protocol.pb.cc(54): error C2143: errore di sintassi: ';' mancante prima di ')'
c:\users\alessandro gaballo\workspace\proto\protocol.pb.cc(54): warning C4552: '-': l'operatore non ha effetto. Previsto operatore con effetto collaterale.
c:\users\alessandro gaballo\workspace\proto\protocol.pb.cc(54): error C2059: errore di sintassi: ')'
c:\users\alessandro gaballo\workspace\proto\protocol.pb.cc(62): error C4430: identificatore di tipo mancante, verrà utilizzato int. Nota: default-int non è più supportato in C++
c:\users\alessandro gaballo\workspace\proto\protocol.pb.cc(64): error C2653: 'KeystrokeRequest' non è il nome di una classe o di uno spazio dei nomi
c:\users\alessandro gaballo\workspace\proto\protocol.pb.cc(64): error C2065: 'default_instance_': identificatore non dichiarato
c:\users\alessandro gaballo\workspace\proto\protocol.pb.cc(65): error C2065: 'KeystrokeRequest_offsets_': identificatore non dichiarato
c:\users\alessandro gaballo\workspace\proto\protocol.pb.cc(66): error C4430: identificatore di tipo mancante, verrà utilizzato int. Nota: default-int non è più supportato in C++
c:\users\alessandro gaballo\workspace\proto\protocol.pb.cc(66): error C2146: errore di sintassi: '>' mancante prima dell'identificatore 'KeystrokeRequest'
c:\users\alessandro gaballo\workspace\proto\protocol.pb.cc(66): error C2146: errore di sintassi: '(' mancante prima dell'identificatore 'KeystrokeRequest'
c:\users\alessandro gaballo\workspace\proto\protocol.pb.cc(66): error C2227: l'elemento a sinistra di '->_has_bits_' deve puntare a un tipo classe, struttura, unione o generico
c:\users\alessandro gaballo\workspace\proto\protocol.pb.cc(66): error C2059: errore di sintassi: ')'
c:\users\alessandro gaballo\workspace\proto\protocol.pb.cc(72): error C4430: identificatore di tipo mancante, verrà utilizzato int. Nota: default-int non è più supportato in C++
c:\users\alessandro gaballo\workspace\proto\protocol.pb.cc(72): error C2065: 'file': identificatore non dichiarato
c:\users\alessandro gaballo\workspace\proto\protocol.pb.cc(72): error C2227: l'elemento a sinistra di '->message_type' deve puntare a un tipo classe, struttura, unione o generico
  c:\users\alessandro gaballo\workspace\proto\protocol.pb.cc(72): note: il tipo è 'unknown-type'
c:\users\alessandro gaballo\workspace\proto\protocol.pb.cc(74): error C4430: identificatore di tipo mancante, verrà utilizzato int. Nota: default-int non è più supportato in C++
c:\users\alessandro gaballo\workspace\proto\protocol.pb.cc(74): error C2146: errore di sintassi: '>' mancante prima dell'identificatore 'AppList'
c:\users\alessandro gaballo\workspace\proto\protocol.pb.cc(74): error C2146: errore di sintassi: '(' mancante prima dell'identificatore 'AppList'
c:\users\alessandro gaballo\workspace\proto\protocol.pb.cc(74): error C2227: l'elemento a sinistra di '->apps_' deve puntare a un tipo classe, struttura, unione o generico
c:\users\alessandro gaballo\workspace\proto\protocol.pb.cc(74): error C3329: errore di sintassi: è previsto '}', non ')'
c:\users\alessandro gaballo\workspace\proto\protocol.pb.cc(74): error C2143: errore di sintassi: ';' mancante prima di '-'
c:\users\alessandro gaballo\workspace\proto\protocol.pb.cc(74): error C2059: errore di sintassi: '-'
c:\users\alessandro gaballo\workspace\proto\protocol.pb.cc(74): error C2059: errore di sintassi: ')'
c:\users\alessandro gaballo\workspace\proto\protocol.pb.cc(75): error C2143: errore di sintassi: ';' mancante prima di '}'
c:\users\alessandro gaballo\workspace\proto\protocol.pb.cc(77): error C4430: identificatore di tipo mancante, verrà utilizzato int. Nota: default-int non è più supportato in C++
c:\users\alessandro gaballo\workspace\proto\protocol.pb.cc(78): error C2065: 'AppList_descriptor_': identificatore non dichiarato
c:\users\alessandro gaballo\workspace\proto\protocol.pb.cc(79): error C2653: 'AppList' non è il nome di una classe o di uno spazio dei nomi
c:\users\alessandro gaballo\workspace\proto\protocol.pb.cc(79): error C2065: 'default_instance_': identificatore non dichiarato
c:\users\alessandro gaballo\workspace\proto\protocol.pb.cc(80): error C2065: 'AppList_offsets_': identificatore non dichiarato
c:\users\alessandro gaballo\workspace\proto\protocol.pb.cc(81): error C4430: identificatore di tipo mancante, verrà utilizzato int. Nota: default-int non è più supportato in C++
c:\users\alessandro gaballo\workspace\proto\protocol.pb.cc(81): error C2146: errore di sintassi: '>' mancante prima dell'identificatore 'AppList'
c:\users\alessandro gaballo\workspace\proto\protocol.pb.cc(81): error C2146: errore di sintassi: '(' mancante prima dell'identificatore 'AppList'
c:\users\alessandro gaballo\workspace\proto\protocol.pb.cc(81): error C2227: l'elemento a sinistra di '->_has_bits_' deve puntare a un tipo classe, struttura, unione o generico
c:\users\alessandro gaballo\workspace\proto\protocol.pb.cc(81): error C2059: errore di sintassi: ')'
c:\users\alessandro gaballo\workspace\proto\protocol.pb.cc(87): error C4430: identificatore di tipo mancante, verrà utilizzato int. Nota: default-int non è più supportato in C++
c:\users\alessandro gaballo\workspace\proto\protocol.pb.cc(87): error C2065: 'file': identificatore non dichiarato
c:\users\alessandro gaballo\workspace\proto\protocol.pb.cc(87): error C2227: l'elemento a sinistra di '->message_type' deve puntare a un tipo classe, struttura, unione o generico
  c:\users\alessandro gaballo\workspace\proto\protocol.pb.cc(87): note: il tipo è 'unknown-type'
c:\users\alessandro gaballo\workspace\proto\protocol.pb.cc(89): error C4430: identificatore di tipo mancante, verrà utilizzato int. Nota: default-int non è più supportato in C++
c:\users\alessandro gaballo\workspace\proto\protocol.pb.cc(89): error C2146: errore di sintassi: '>' mancante prima dell'identificatore 'Application'
c:\users\alessandro gaballo\workspace\proto\protocol.pb.cc(89): error C2146: errore di sintassi: '(' mancante prima dell'identificatore 'Application'
c:\users\alessandro gaballo\workspace\proto\protocol.pb.cc(89): error C2227: l'elemento a sinistra di '->id_' deve puntare a un tipo classe, struttura, unione o generico
c:\users\alessandro gaballo\workspace\proto\protocol.pb.cc(89): error C3329: errore di sintassi: è previsto '}', non ')'
c:\users\alessandro gaballo\workspace\proto\protocol.pb.cc(89): error C2143: errore di sintassi: ';' mancante prima di '-'
c:\users\alessandro gaballo\workspace\proto\protocol.pb.cc(89): error C2059: errore di sintassi: '-'
c:\users\alessandro gaballo\workspace\proto\protocol.pb.cc(89): error C2059: errore di sintassi: ')'
c:\users\alessandro gaballo\workspace\proto\protocol.pb.cc(91): error C2143: errore di sintassi: ';' mancante prima di '}'
c:\users\alessandro gaballo\workspace\proto\protocol.pb.cc(91): error C2059: errore di sintassi: '}'
c:\users\alessandro gaballo\workspace\proto\protocol.pb.cc(93): error C4430: identificatore di tipo mancante, verrà utilizzato int. Nota: default-int non è più supportato in C++
c:\users\alessandro gaballo\workspace\proto\protocol.pb.cc(95): error C2653: 'Application' non è il nome di una classe o di uno spazio dei nomi
c:\users\alessandro gaballo\workspace\proto\protocol.pb.cc(95): error C2065: 'default_instance_': identificatore non dichiarato
c:\users\alessandro gaballo\workspace\proto\protocol.pb.cc(97): error C4430: identificatore di tipo mancante, verrà utilizzato int. Nota: default-int non è più supportato in C++
c:\users\alessandro gaballo\workspace\proto\protocol.pb.cc(97): error C2146: errore di sintassi: '>' mancante prima dell'identificatore 'Application'
c:\users\alessandro gaballo\workspace\proto\protocol.pb.cc(97): error C2146: errore di sintassi: '(' mancante prima dell'identificatore 'Application'
c:\users\alessandro gaballo\workspace\proto\protocol.pb.cc(97): error C2227: l'elemento a sinistra di '->_has_bits_' deve puntare a un tipo classe, struttura, unione o generico
c:\users\alessandro gaballo\workspace\proto\protocol.pb.cc(97): error C2059: errore di sintassi: ')'
c:\users\alessandro gaballo\workspace\proto\protocol.pb.cc(103): error C4430: identificatore di tipo mancante, verrà utilizzato int. Nota: default-int non è più supportato in C++
c:\users\alessandro gaballo\workspace\proto\protocol.pb.cc(103): error C2065: 'file': identificatore non dichiarato
c:\users\alessandro gaballo\workspace\proto\protocol.pb.cc(103): error C2227: l'elemento a sinistra di '->message_type' deve puntare a un tipo classe, struttura, unione o generico
  c:\users\alessandro gaballo\workspace\proto\protocol.pb.cc(103): note: il tipo è 'unknown-type'
c:\users\alessandro gaballo\workspace\proto\protocol.pb.cc(105): error C4430: identificatore di tipo mancante, verrà utilizzato int. Nota: default-int non è più supportato in C++
c:\users\alessandro gaballo\workspace\proto\protocol.pb.cc(105): error C2146: errore di sintassi: '>' mancante prima dell'identificatore 'AppDestroyed'
c:\users\alessandro gaballo\workspace\proto\protocol.pb.cc(105): error C2146: errore di sintassi: '(' mancante prima dell'identificatore 'AppDestroyed'
c:\users\alessandro gaballo\workspace\proto\protocol.pb.cc(105): error C2227: l'elemento a sinistra di '->id_' deve puntare a un tipo classe, struttura, unione o generico
c:\users\alessandro gaballo\workspace\proto\protocol.pb.cc(105): error C3329: errore di sintassi: è previsto '}', non ')'
c:\users\alessandro gaballo\workspace\proto\protocol.pb.cc(105): error C2143: errore di sintassi: ';' mancante prima di '-'
c:\users\alessandro gaballo\workspace\proto\protocol.pb.cc(105): error C2059: errore di sintassi: '-'
c:\users\alessandro gaballo\workspace\proto\protocol.pb.cc(105): error C2059: errore di sintassi: ')'
c:\users\alessandro gaballo\workspace\proto\protocol.pb.cc(106): error C2143: errore di sintassi: ';' mancante prima di '}'
c:\users\alessandro gaballo\workspace\proto\protocol.pb.cc(106): error C2059: errore di sintassi: '}'
c:\users\alessandro gaballo\workspace\proto\protocol.pb.cc(108): error C4430: identificatore di tipo mancante, verrà utilizzato int. Nota: default-int non è più supportato in C++
c:\users\alessandro gaballo\workspace\proto\protocol.pb.cc(110): error C2653: 'AppDestroyed' non è il nome di una classe o di uno spazio dei nomi
c:\users\alessandro gaballo\workspace\proto\protocol.pb.cc(110): error C2065: 'default_instance_': identificatore non dichiarato
c:\users\alessandro gaballo\workspace\proto\protocol.pb.cc(112): error C4430: identificatore di tipo mancante, verrà utilizzato int. Nota: default-int non è più supportato in C++
c:\users\alessandro gaballo\workspace\proto\protocol.pb.cc(112): error C2146: errore di sintassi: '>' mancante prima dell'identificatore 'AppDestroyed'
c:\users\alessandro gaballo\workspace\proto\protocol.pb.cc(112): error C2146: errore di sintassi: '(' mancante prima dell'identificatore 'AppDestroyed'
c:\users\alessandro gaballo\workspace\proto\protocol.pb.cc(112): error C2227: l'elemento a sinistra di '->_has_bits_' deve puntare a un tipo classe, struttura, unione o generico
c:\users\alessandro gaballo\workspace\proto\protocol.pb.cc(112): error C2059: errore di sintassi: ')'
c:\users\alessandro gaballo\workspace\proto\protocol.pb.cc(118): error C4430: identificatore di tipo mancante, verrà utilizzato int. Nota: default-int non è più supportato in C++
c:\users\alessandro gaballo\workspace\proto\protocol.pb.cc(118): error C2065: 'file': identificatore non dichiarato
c:\users\alessandro gaballo\workspace\proto\protocol.pb.cc(118): error C2227: l'elemento a sinistra di '->message_type' deve puntare a un tipo classe, struttura, unione o generico
  c:\users\alessandro gaballo\workspace\proto\protocol.pb.cc(118): note: il tipo è 'unknown-type'
c:\users\alessandro gaballo\workspace\proto\protocol.pb.cc(120): error C4430: identificatore di tipo mancante, verrà utilizzato int. Nota: default-int non è più supportato in C++
c:\users\alessandro gaballo\workspace\proto\protocol.pb.cc(120): error C2146: errore di sintassi: '>' mancante prima dell'identificatore 'AppGotFocus'
c:\users\alessandro gaballo\workspace\proto\protocol.pb.cc(120): error C2146: errore di sintassi: '(' mancante prima dell'identificatore 'AppGotFocus'
c:\users\alessandro gaballo\workspace\proto\protocol.pb.cc(120): error C2227: l'elemento a sinistra di '->id_' deve puntare a un tipo classe, struttura, unione o generico
c:\users\alessandro gaballo\workspace\proto\protocol.pb.cc(120): error C3329: errore di sintassi: è previsto '}', non ')'
c:\users\alessandro gaballo\workspace\proto\protocol.pb.cc(120): error C2143: errore di sintassi: ';' mancante prima di '-'
c:\users\alessandro gaballo\workspace\proto\protocol.pb.cc(120): error C2059: errore di sintassi: '-'
c:\users\alessandro gaballo\workspace\proto\protocol.pb.cc(120): error C2059: errore di sintassi: ')'
c:\users\alessandro gaballo\workspace\proto\protocol.pb.cc(121): error C2143: errore di sintassi: ';' mancante prima di '}'
c:\users\alessandro gaballo\workspace\proto\protocol.pb.cc(121): error C2059: errore di sintassi: '}'
c:\users\alessandro gaballo\workspace\proto\protocol.pb.cc(123): error C4430: identificatore di tipo mancante, verrà utilizzato int. Nota: default-int non è più supportato in C++
c:\users\alessandro gaballo\workspace\proto\protocol.pb.cc(125): error C2653: 'AppGotFocus' non è il nome di una classe o di uno spazio dei nomi
c:\users\alessandro gaballo\workspace\proto\protocol.pb.cc(125): error C2065: 'default_instance_': identificatore non dichiarato
c:\users\alessandro gaballo\workspace\proto\protocol.pb.cc(127): error C4430: identificatore di tipo mancante, verrà utilizzato int. Nota: default-int non è più supportato in C++
c:\users\alessandro gaballo\workspace\proto\protocol.pb.cc(127): error C2146: errore di sintassi: '>' mancante prima dell'identificatore 'AppGotFocus'
c:\users\alessandro gaballo\workspace\proto\protocol.pb.cc(127): error C2146: errore di sintassi: '(' mancante prima dell'identificatore 'AppGotFocus'
c:\users\alessandro gaballo\workspace\proto\protocol.pb.cc(127): error C2227: l'elemento a sinistra di '->_has_bits_' deve puntare a un tipo classe, struttura, unione o generico
c:\users\alessandro gaballo\workspace\proto\protocol.pb.cc(127): error C2059: errore di sintassi: ')'
c:\users\alessandro gaballo\workspace\proto\protocol.pb.cc(133): error C4430: identificatore di tipo mancante, verrà utilizzato int. Nota: default-int non è più supportato in C++
c:\users\alessandro gaballo\workspace\proto\protocol.pb.cc(133): error C2065: 'file': identificatore non dichiarato
c:\users\alessandro gaballo\workspace\proto\protocol.pb.cc(133): error C2227: l'elemento a sinistra di '->message_type' deve puntare a un tipo classe, struttura, unione o generico
  c:\users\alessandro gaballo\workspace\proto\protocol.pb.cc(133): note: il tipo è 'unknown-type'
c:\users\alessandro gaballo\workspace\proto\protocol.pb.cc(135): error C4430: identificatore di tipo mancante, verrà utilizzato int. Nota: default-int non è più supportato in C++
c:\users\alessandro gaballo\workspace\proto\protocol.pb.cc(135): error C2146: errore di sintassi: '>' mancante prima dell'identificatore 'Event'
c:\users\alessandro gaballo\workspace\proto\protocol.pb.cc(135): error C2146: errore di sintassi: '(' mancante prima dell'identificatore 'Event'
c:\users\alessandro gaballo\workspace\proto\protocol.pb.cc(135): error C2227: l'elemento a sinistra di '->destroyed_' deve puntare a un tipo classe, struttura, unione o generico
c:\users\alessandro gaballo\workspace\proto\protocol.pb.cc(135): error C3329: errore di sintassi: è previsto '}', non ')'
c:\users\alessandro gaballo\workspace\proto\protocol.pb.cc(135): error C2143: errore di sintassi: ';' mancante prima di '-'
c:\users\alessandro gaballo\workspace\proto\protocol.pb.cc(135): error C2059: errore di sintassi: '-'
c:\users\alessandro gaballo\workspace\proto\protocol.pb.cc(135): error C2059: errore di sintassi: ')'
c:\users\alessandro gaballo\workspace\proto\protocol.pb.cc(138): error C2143: errore di sintassi: ';' mancante prima di '}'
c:\users\alessandro gaballo\workspace\proto\protocol.pb.cc(138): error C2059: errore di sintassi: '}'
c:\users\alessandro gaballo\workspace\proto\protocol.pb.cc(140): error C4430: identificatore di tipo mancante, verrà utilizzato int. Nota: default-int non è più supportato in C++
c:\users\alessandro gaballo\workspace\proto\protocol.pb.cc(142): error C2653: 'Event' non è il nome di una classe o di uno spazio dei nomi
c:\users\alessandro gaballo\workspace\proto\protocol.pb.cc(142): error C2065: 'default_instance_': identificatore non dichiarato
c:\users\alessandro gaballo\workspace\proto\protocol.pb.cc(144): error C4430: identificatore di tipo mancante, verrà utilizzato int. Nota: default-int non è più supportato in C++
c:\users\alessandro gaballo\workspace\proto\protocol.pb.cc(144): error C2146: errore di sintassi: '>' mancante prima dell'identificatore 'Event'
c:\users\alessandro gaballo\workspace\proto\protocol.pb.cc(144): error C2146: errore di sintassi: '(' mancante prima dell'identificatore 'Event'
c:\users\alessandro gaballo\workspace\proto\protocol.pb.cc(144): error C2227: l'elemento a sinistra di '->_has_bits_' deve puntare a un tipo classe, struttura, unione o generico
c:\users\alessandro gaballo\workspace\proto\protocol.pb.cc(144): fatal error C1003: il conteggio degli errori supera 100. Interruzione della compilazione
  keys.pb.cc
c:\users\alessandro gaballo\workspace\proto\keys.pb.cc(4): warning C4603: 'INTERNAL_SUPPRESS_PROTOBUF_FIELD_DEPRECATION': la macro non è definita o la definizione è diversa dopo l'utilizzo di un'intestazione precompilata
  c:\users\alessandro gaballo\workspace\proto\keys.pb.cc(4): note: Aggiungere la macro all'intestazione precompilata anziché definirla in questa posizione
  c:\users\alessandro gaballo\workspace\proto\keys.pb.cc(5): note: uso dell'intestazione precompilata
c:\program files (x86)\microsoft visual studio 14.0\vc\include\xutility(2322): error C4996: 'std::copy::_Unchecked_iterators::_Deprecate': Call to 'std::copy' with parameters that may be unsafe - this call relies on the caller to check that the passed values are correct. To disable this warning, use -D_SCL_SECURE_NO_WARNINGS. See documentation on how to use Visual C++ 'Checked Iterators'
  c:\program files (x86)\microsoft visual studio 14.0\vc\include\xutility(2322): note: vedere la dichiarazione di 'std::copy::_Unchecked_iterators::_Deprecate'
  c:\users\alessandro gaballo\workspace\extern\install\include\google\protobuf\repeated_field.h(1329): note: vedere il riferimento all'istanza '<Sconosciuto>' della funzione <Sconosciuto> di cui è in corso la compilazione
  c:\users\alessandro gaballo\workspace\extern\install\include\google\protobuf\repeated_field.h(1328): note: durante la compilazione della funzione membro '<Sconosciuto>' della classe <Sconosciuto>
  c:\users\alessandro gaballo\workspace\extern\install\include\google\protobuf\repeated_field.h(1321): note: vedere il riferimento all'istanza '<Sconosciuto>' della funzione <Sconosciuto> di cui è in corso la compilazione
  c:\users\alessandro gaballo\workspace\extern\install\include\google\protobuf\repeated_field.h(1321): note: vedere il riferimento all'istanza '<Sconosciuto>' della classe <Sconosciuto> di cui è in corso la compilazione
  c:\users\alessandro gaballo\workspace\extern\install\include\google\protobuf\repeated_field.h(1320): note: durante la compilazione della funzione membro '<Sconosciuto>' della classe <Sconosciuto>
  c:\users\alessandro gaballo\workspace\extern\install\include\google\protobuf\repeated_field.h(1315): note: vedere il riferimento all'istanza '<Sconosciuto>' della funzione <Sconosciuto> di cui è in corso la compilazione
  c:\users\alessandro gaballo\workspace\extern\install\include\google\protobuf\repeated_field.h(1314): note: durante la compilazione della funzione membro '<Sconosciuto>' della classe <Sconosciuto>
  c:\users\alessandro gaballo\workspace\extern\install\include\google\protobuf\repeated_field.h(1296): note: vedere il riferimento all'istanza '<Sconosciuto>' della funzione <Sconosciuto> di cui è in corso la compilazione
  c:\users\alessandro gaballo\workspace\extern\install\include\google\protobuf\repeated_field.h(1260): note: durante la compilazione della funzione membro '<Sconosciuto>' della classe <Sconosciuto>
  c:\users\alessandro gaballo\workspace\extern\install\include\google\protobuf\repeated_field.h(1100): note: vedere il riferimento all'istanza '<Sconosciuto>' della funzione <Sconosciuto> di cui è in corso la compilazione
  c:\users\alessandro gaballo\workspace\extern\install\include\google\protobuf\repeated_field.h(1045): note: durante la compilazione della funzione membro '<Sconosciuto>' della classe <Sconosciuto>
  c:\users\alessandro gaballo\workspace\extern\install\include\google\protobuf\wire_format_lite_inl.h(278): note: vedere il riferimento all'istanza '<Sconosciuto>' della funzione <Sconosciuto> di cui è in corso la compilazione
  c:\users\alessandro gaballo\workspace\extern\install\include\google\protobuf\wire_format_lite_inl.h(258): note: vedere il riferimento all'istanza '<Sconosciuto>' della classe <Sconosciuto> di cui è in corso la compilazione
  c:\users\alessandro gaballo\workspace\extern\install\include\google\protobuf\wire_format_lite_inl.h(313): note: vedere il riferimento all'istanza '<Sconosciuto>' della funzione <Sconosciuto> di cui è in corso la compilazione
  Generazione del codice in corso...
